[debug] [2025-08-12T08:39:46.144Z] ----------------------------------------------------------------------
[debug] [2025-08-12T08:39:46.147Z] Command:       C:\Program Files\nodejs\node.exe C:\Users\Client\AppData\Roaming\npm\node_modules\firebase-tools\lib\bin\firebase.js init
[debug] [2025-08-12T08:39:46.147Z] CLI Version:   14.12.0
[debug] [2025-08-12T08:39:46.148Z] Platform:      win32
[debug] [2025-08-12T08:39:46.148Z] Node Version:  v20.19.3
[debug] [2025-08-12T08:39:46.148Z] Time:          Tue Aug 12 2025 14:09:46 GMT+0530 (India Standard Time)
[debug] [2025-08-12T08:39:46.148Z] ----------------------------------------------------------------------
[debug] 
[debug] [2025-08-12T08:39:46.340Z] > command requires scopes: ["email","openid","https://www.googleapis.com/auth/cloudplatformprojects.readonly","https://www.googleapis.com/auth/firebase","https://www.googleapis.com/auth/cloud-platform"]
[debug] [2025-08-12T08:39:46.341Z] > authorizing via signed-in user (juned.shaikh.7415@gmail.com)
[info] 
     ######## #### ########  ######## ########     ###     ######  ########
     ##        ##  ##     ## ##       ##     ##  ##   ##  ##       ##
     ######    ##  ########  ######   ########  #########  ######  ######
     ##        ##  ##    ##  ##       ##     ## ##     ##       ## ##
     ##       #### ##     ## ######## ########  ##     ##  ######  ########

You're about to initialize a Firebase project in this directory:

  D:\PortfolioWebsite

Before we get started, keep in mind:

  * You are initializing within an existing Firebase project directory

[info] 
=== Project Setup
[info] 
[info] First, let's associate this project directory with a Firebase project.
[info] You can create multiple project aliases by running firebase use --add, 
[info] but for now we'll just set up a default project.
[info] 
[debug] [2025-08-12T08:40:03.063Z] Using project from CLI flag: drmubeenkhan
[debug] [2025-08-12T08:40:03.065Z] Checked if tokens are valid: true, expires at: 1754991018684
[debug] [2025-08-12T08:40:03.065Z] Checked if tokens are valid: true, expires at: 1754991018684
[debug] [2025-08-12T08:40:03.067Z] >>> [apiv2][query] GET https://firebase.googleapis.com/v1beta1/projects/drmubeenkhan [none]
[debug] [2025-08-12T08:40:04.077Z] <<< [apiv2][status] GET https://firebase.googleapis.com/v1beta1/projects/drmubeenkhan 403
[debug] [2025-08-12T08:40:04.077Z] <<< [apiv2][body] GET https://firebase.googleapis.com/v1beta1/projects/drmubeenkhan {"error":{"code":403,"message":"The caller does not have permission","status":"PERMISSION_DENIED"}}
[debug] [2025-08-12T08:40:04.078Z] Request to https://firebase.googleapis.com/v1beta1/projects/drmubeenkhan had HTTP Error: 403, The caller does not have permission
[debug] [2025-08-12T08:40:04.367Z] FirebaseError: Request to https://firebase.googleapis.com/v1beta1/projects/drmubeenkhan had HTTP Error: 403, The caller does not have permission
    at responseToError (C:\Users\Client\AppData\Roaming\npm\node_modules\firebase-tools\lib\responseToError.js:52:12)
    at RetryOperation._fn (C:\Users\Client\AppData\Roaming\npm\node_modules\firebase-tools\lib\apiv2.js:312:77)
    at process.processTicksAndRejections (node:internal/process/task_queues:95:5)
[error] 
[error] Error: Failed to get Firebase project drmubeenkhan. Please make sure the project exists and your account has permission to access it.
